Base path: C:/apps/Unity5/Editor/Data
Pipe name: \\.\pipe\UnityShaderCompiler-64bit-1-21012
Cmd: getPlatforms
Cmd: preprocess
  insize=1440 outsize=1437 ok=1
Cmd: compileSnippet
  api=4 type=0 insize=541 outsize=3517 kw=SHADOWS_DEPTH ok=1
Cmd: compileSnippet
  api=4 type=1 insize=541 outsize=437 kw=SHADOWS_DEPTH ok=1
Cmd: compileSnippet
  api=4 type=0 insize=3445 outsize=7018 kw=SHADOWS_DEPTH ok=1
Cmd: compileSnippet
  api=4 type=1 insize=3445 outsize=1014 kw=SHADOWS_DEPTH ok=1
Cmd: compileSnippet
  api=4 type=0 insize=3054 outsize=6645 kw=SHADOWS_DEPTH ok=1
Cmd: compileSnippet
  api=4 type=1 insize=3054 outsize=1014 kw=SHADOWS_DEPTH ok=1
Cmd: compileSnippet
  api=4 type=0 insize=6810 outsize=3647 kw=DIRECTIONAL SHADOWS_OFF LIGHTMAP_OFF DIRLIGHTMAP_OFF DYNAMICLIGHTMAP_OFF ok=1
Cmd: compileSnippet
  api=4 type=1 insize=6810 outsize=1298 kw=DIRECTIONAL SHADOWS_OFF LIGHTMAP_OFF DIRLIGHTMAP_OFF DYNAMICLIGHTMAP_OFF ok=1
Cmd: compileSnippet
  api=4 type=0 insize=63517 outsize=3996 kw=DIRECTIONAL SHADOWS_OFF LIGHTMAP_OFF DIRLIGHTMAP_OFF DYNAMICLIGHTMAP_OFF ok=1
Cmd: compileSnippet
  api=4 type=1 insize=63517 outsize=2810 kw=DIRECTIONAL SHADOWS_OFF LIGHTMAP_OFF DIRLIGHTMAP_OFF DYNAMICLIGHTMAP_OFF ok=1
Cmd: preprocess
  insize=1181 outsize=408 ok=1
Cmd: compileSnippet
  api=4 type=0 insize=1072 outsize=1583 kw= ok=1
Cmd: compileSnippet
  api=4 type=1 insize=1072 outsize=1152 kw= ok=1
Cmd: preprocess
  insize=2703 outsize=1931 ok=1
Cmd: compileSnippet
  api=4 type=0 insize=1073 outsize=1583 kw= ok=1
Cmd: compileSnippet
  api=4 type=1 insize=1073 outsize=1152 kw= ok=1
Cmd: preprocess
  insize=2755 outsize=1983 ok=1
Cmd: compileSnippet
  api=4 type=0 insize=1073 outsize=1583 kw= ok=1
Cmd: compileSnippet
  api=4 type=1 insize=1073 outsize=1152 kw= ok=1
Cmd: preprocess
  insize=2743 outsize=1971 ok=1
Cmd: preprocess
  insize=2747 outsize=1970 ok=1
Cmd: compileSnippet
  error: 2 plat 4 at (102): 'lerp': no matching 0 parameter intrinsic function; Possible intrinsic functions are: lerp(float|half|min10float|min16float, float|half|min10float|min16float, float|half|min10float|min16float)\nCompiling Vertex program
  error: 2 plat 4 at (102): syntax error: unexpected token '['\nCompiling Vertex program
  api=4 type=0 insize=1077 outsize=0 kw= ok=0
Cmd: preprocess
  insize=2745 outsize=1971 ok=1
Cmd: compileSnippet
  error: 2 plat 4 at (102): 'lerp': no matching 3 parameter intrinsic function; Possible intrinsic functions are: lerp(float|half|min10float|min16float, float|half|min10float|min16float, float|half|min10float|min16float)\nCompiling Vertex program
  error: 2 plat 4 at (102): undeclared identifier '_Opacity'\nCompiling Vertex program
  api=4 type=0 insize=1075 outsize=0 kw= ok=0
Cmd: preprocess
  insize=2743 outsize=1971 ok=1
Cmd: preprocess
  insize=2745 outsize=1971 ok=1
Cmd: compileSnippet
  api=4 type=0 insize=1075 outsize=1583 kw= ok=1
Cmd: compileSnippet
  api=4 type=1 insize=1075 outsize=1112 kw= ok=1
Cmd: preprocess
  insize=2658 outsize=1892 ok=1
Cmd: compileSnippet
  api=4 type=0 insize=1067 outsize=1583 kw= ok=1
Cmd: compileSnippet
  api=4 type=1 insize=1067 outsize=1152 kw= ok=1
Cmd: preprocess
  insize=2745 outsize=1971 ok=1
Cmd: preprocess
  insize=2743 outsize=1971 ok=1
Cmd: preprocess
  error: 1 plat 15 at (75): Unrecognized #pragma directive: fragmentation
  insize=2838 outsize=1970 ok=1
Cmd: compileSnippet
  error: 1 plat 15 at (75): Unrecognized #pragma directive: fragmentation\nCompiling Vertex program
  api=4 type=0 insize=1168 outsize=1583 kw= ok=1
Cmd: compileSnippet
  error: 1 plat 15 at (75): Unrecognized #pragma directive: fragmentation\nCompiling Fragment program
  api=4 type=1 insize=1168 outsize=1152 kw= ok=1
Cmd: preprocess
  error: 1 plat 15 at (76): Unrecognized #pragma directive: fragmentation
  insize=2873 outsize=2006 ok=1
Cmd: compileSnippet
  error: 1 plat 15 at (76): Unrecognized #pragma directive: fragmentation\nCompiling Vertex program
  api=4 type=0 insize=1168 outsize=1583 kw= ok=1
Cmd: compileSnippet
  error: 1 plat 15 at (76): Unrecognized #pragma directive: fragmentation\nCompiling Fragment program
  api=4 type=1 insize=1168 outsize=1152 kw= ok=1
Cmd: preprocess
  error: 1 plat 15 at (76): Unrecognized #pragma directive: fragmentation
  insize=2884 outsize=2006 ok=1
Cmd: compileSnippet
  error: 2 plat 4 at (102): undeclared identifier '_Opacity'\nCompiling Vertex program
  api=4 type=0 insize=1179 outsize=0 kw= ok=0
Cmd: preprocess
  error: 1 plat 15 at (76): Unrecognized #pragma directive: fragmentation
  insize=2886 outsize=2006 ok=1
Cmd: compileSnippet
  error: 2 plat 4 at (102): syntax error: unexpected token '['\nCompiling Vertex program
  api=4 type=0 insize=1181 outsize=0 kw= ok=0
Cmd: preprocess
  error: 1 plat 15 at (76): Unrecognized #pragma directive: fragmentation
  insize=2879 outsize=2006 ok=1
Cmd: compileSnippet
  error: 1 plat 15 at (76): Unrecognized #pragma directive: fragmentation\nCompiling Vertex program
  api=4 type=0 insize=1174 outsize=1583 kw= ok=1
Cmd: compileSnippet
  error: 1 plat 15 at (76): Unrecognized #pragma directive: fragmentation\nCompiling Fragment program
  api=4 type=1 insize=1174 outsize=1152 kw= ok=1
Cmd: preprocess
  error: 1 plat 15 at (76): Unrecognized #pragma directive: fragmentation
  insize=2884 outsize=2006 ok=1
Cmd: compileSnippet
  error: 2 plat 4 at (102): undeclared identifier '_Opacity'\nCompiling Vertex program
  api=4 type=0 insize=1179 outsize=0 kw= ok=0
Cmd: preprocess
  error: 1 plat 15 at (76): Unrecognized #pragma directive: fragmentation
  insize=2914 outsize=2006 ok=1
Cmd: compileSnippet
  error: 1 plat 15 at (76): Unrecognized #pragma directive: fragmentation\nCompiling Vertex program
  api=4 type=0 insize=1209 outsize=1583 kw= ok=1
Cmd: compileSnippet
  error: 1 plat 15 at (76): Unrecognized #pragma directive: fragmentation\nCompiling Fragment program
  api=4 type=1 insize=1209 outsize=1258 kw= ok=1
Cmd: preprocess
  error: 1 plat 15 at (76): Unrecognized #pragma directive: fragmentation
  insize=2720 outsize=1982 ok=1
Cmd: compileSnippet
  error: 2 plat 4 at (95): invalid subscript 'uvFalloff'\nCompiling Vertex program
  api=4 type=0 insize=1039 outsize=0 kw= ok=0
Cmd: preprocess
  error: 1 plat 15 at (76): Unrecognized #pragma directive: fragmentation
  insize=2671 outsize=1982 ok=1
Cmd: compileSnippet
  error: 1 plat 15 at (76): Unrecognized #pragma directive: fragmentation\nCompiling Vertex program
  api=4 type=0 insize=990 outsize=1201 kw= ok=1
Cmd: compileSnippet
  error: 1 plat 15 at (76): Unrecognized #pragma directive: fragmentation\nCompiling Fragment program
  api=4 type=1 insize=990 outsize=795 kw= ok=1
Cmd: preprocess
  error: 1 plat 15 at (77): Unrecognized #pragma directive: fragmentation
  insize=2923 outsize=2026 ok=1
Cmd: compileSnippet
  error: 1 plat 15 at (77): Unrecognized #pragma directive: fragmentation\nCompiling Vertex program
  api=4 type=0 insize=1198 outsize=1583 kw= ok=1
Cmd: compileSnippet
  error: 1 plat 15 at (77): Unrecognized #pragma directive: fragmentation\nCompiling Fragment program
  api=4 type=1 insize=1198 outsize=1152 kw= ok=1
Cmd: preprocess
  error: 1 plat 15 at (69): Unrecognized #pragma directive: fragmentation
  insize=2513 outsize=1804 ok=1
Cmd: compileSnippet
  error: 2 plat 4 at (79): syntax error: unexpected token 'uniform'\nCompiling Vertex program
  api=4 type=0 insize=1010 outsize=0 kw= ok=0
Cmd: preprocess
  error: 1 plat 15 at (69): Unrecognized #pragma directive: fragmentation
  insize=2497 outsize=1804 ok=1
Cmd: compileSnippet
  error: 2 plat 4 at (79): syntax error: unexpected token 'float'\nCompiling Vertex program
  api=4 type=0 insize=994 outsize=0 kw= ok=0
Cmd: preprocess
  error: 1 plat 15 at (69): Unrecognized #pragma directive: fragmentation
  insize=2477 outsize=1803 ok=1
Cmd: compileSnippet
  error: 2 plat 4 at (80): syntax error: unexpected token 'struct'\nCompiling Vertex program
  api=4 type=0 insize=974 outsize=0 kw= ok=0
Cmd: preprocess
  error: 1 plat 15 at (69): Unrecognized #pragma directive: fragmentation
  insize=2486 outsize=1804 ok=1
Cmd: compileSnippet
  error: 1 plat 15 at (69): Unrecognized #pragma directive: fragmentation\nCompiling Vertex program
  api=4 type=0 insize=983 outsize=1201 kw= ok=1
Cmd: compileSnippet
  error: 1 plat 15 at (69): Unrecognized #pragma directive: fragmentation\nCompiling Fragment program
  api=4 type=1 insize=983 outsize=795 kw= ok=1
Cmd: preprocess
  error: 1 plat 15 at (69): Unrecognized #pragma directive: fragmentation
  insize=2514 outsize=1804 ok=1
Cmd: compileSnippet
  error: 1 plat 15 at (69): Unrecognized #pragma directive: fragmentation\nCompiling Vertex program
  api=4 type=0 insize=1011 outsize=1201 kw= ok=1
Cmd: compileSnippet
  error: 1 plat 15 at (69): Unrecognized #pragma directive: fragmentation\nCompiling Fragment program
  api=4 type=1 insize=1011 outsize=795 kw= ok=1
Cmd: preprocess
  error: 1 plat 15 at (69): Unrecognized #pragma directive: fragmentation
  insize=2525 outsize=1804 ok=1
Cmd: compileSnippet
  error: 1 plat 15 at (69): Unrecognized #pragma directive: fragmentation\nCompiling Vertex program
  api=4 type=0 insize=1022 outsize=1201 kw= ok=1
Cmd: compileSnippet
  error: 1 plat 15 at (69): Unrecognized #pragma directive: fragmentation\nCompiling Fragment program
  api=4 type=1 insize=1022 outsize=835 kw= ok=1
Cmd: preprocess
  error: 1 plat 15 at (69): Unrecognized #pragma directive: fragmentation
  insize=2652 outsize=1804 ok=1
Cmd: compileSnippet
  error: 2 plat 4 at (98): invalid subscript 'uvShadow'\nCompiling Vertex program
  api=4 type=0 insize=1149 outsize=0 kw= ok=0
Cmd: preprocess
  error: 1 plat 15 at (69): Unrecognized #pragma directive: fragmentation
  insize=2646 outsize=1804 ok=1
Cmd: compileSnippet
  error: 1 plat 15 at (69): Unrecognized #pragma directive: fragmentation\nCompiling Vertex program
  api=4 type=0 insize=1143 outsize=1201 kw= ok=1
Cmd: compileSnippet
  error: 1 plat 15 at (69): Unrecognized #pragma directive: fragmentation\nCompiling Fragment program
  api=4 type=1 insize=1143 outsize=835 kw= ok=1
Cmd: preprocess
  error: 1 plat 15 at (69): Unrecognized #pragma directive: fragmentation
  insize=2557 outsize=1804 ok=1
Cmd: compileSnippet
  error: 1 plat 15 at (69): Unrecognized #pragma directive: fragmentation\nCompiling Vertex program
  api=4 type=0 insize=1054 outsize=1201 kw= ok=1
Cmd: compileSnippet
  error: 1 plat 15 at (69): Unrecognized #pragma directive: fragmentation\nCompiling Fragment program
  api=4 type=1 insize=1054 outsize=835 kw= ok=1
Cmd: preprocess
  error: 1 plat 15 at (70): Unrecognized #pragma directive: fragmentation
  insize=2571 outsize=1818 ok=1
Cmd: compileSnippet
  error: 1 plat 15 at (70): Unrecognized #pragma directive: fragmentation\nCompiling Vertex program
  api=4 type=0 insize=1054 outsize=1201 kw= ok=1
Cmd: compileSnippet
  error: 1 plat 15 at (70): Unrecognized #pragma directive: fragmentation\nCompiling Fragment program
  api=4 type=1 insize=1054 outsize=835 kw= ok=1
Cmd: preprocess
  error: 1 plat 15 at (71): Unrecognized #pragma directive: fragmentation
  insize=2574 outsize=1821 ok=1
Cmd: compileSnippet
  error: 1 plat 15 at (71): Unrecognized #pragma directive: fragmentation\nCompiling Vertex program
  api=4 type=0 insize=1054 outsize=1201 kw= ok=1
Cmd: compileSnippet
  error: 1 plat 15 at (71): Unrecognized #pragma directive: fragmentation\nCompiling Fragment program
  api=4 type=1 insize=1054 outsize=835 kw= ok=1
Cmd: preprocess
  error: 1 plat 15 at (71): Unrecognized #pragma directive: fragmentation
  insize=2605 outsize=1852 ok=1
Cmd: preprocess
  error: 1 plat 15 at (71): Unrecognized #pragma directive: fragmentation
  insize=2606 outsize=1853 ok=1
Cmd: preprocess
  error: 1 plat 15 at (71): Unrecognized #pragma directive: fragmentation
  insize=2605 outsize=1853 ok=1
Cmd: compileSnippet
  error: 1 plat 15 at (71): Unrecognized #pragma directive: fragmentation\nCompiling Vertex program
  api=4 type=0 insize=1053 outsize=1201 kw= ok=1
Cmd: compileSnippet
  error: 1 plat 15 at (71): Unrecognized #pragma directive: fragmentation\nCompiling Fragment program
  api=4 type=1 insize=1053 outsize=835 kw= ok=1
Cmd: preprocess
  error: 1 plat 15 at (71): Unrecognized #pragma directive: fragmentation
  insize=2602 outsize=1850 ok=1
Cmd: preprocess
  error: 1 plat 15 at (31): Unrecognized #pragma directive: fragmentation
  insize=1816 outsize=1061 ok=1
Cmd: compileSnippet
  error: 1 plat 15 at (31): Unrecognized #pragma directive: fragmentation\nCompiling Vertex program
  api=4 type=0 insize=1053 outsize=1201 kw= ok=1
Cmd: compileSnippet
  error: 1 plat 15 at (31): Unrecognized #pragma directive: fragmentation\nCompiling Fragment program
  api=4 type=1 insize=1053 outsize=835 kw= ok=1
Cmd: preprocess
  insize=1763 outsize=1062 ok=1
Cmd: compileSnippet
  api=4 type=0 insize=1000 outsize=1201 kw= ok=1
Cmd: compileSnippet
  api=4 type=1 insize=1000 outsize=835 kw= ok=1
